<?xml version="1.0" encoding="utf-8"?><testsuites><testsuite name="pytest" errors="0" failures="0" skipped="0" tests="183" time="3.596" timestamp="2023-01-29T11:10:37.266587" hostname="Aidan"><testcase classname="tests.test_core.test_game.TestGame" name="test_analyse_game" time="0.006" /><testcase classname="tests.test_core.test_game.TestGame" name="test_b_sec_imp_endgame" time="0.002" /><testcase classname="tests.test_core.test_game.TestGame" name="test_b_sec_imp_midgame" time="0.002" /><testcase classname="tests.test_core.test_game.TestGame" name="test_b_sec_imp_opening" time="0.002" /><testcase classname="tests.test_core.test_game.TestGame" name="test_black_castle_move_num" time="0.002" /><testcase classname="tests.test_core.test_game.TestGame" name="test_black_castle_phase_endgame" time="0.002" /><testcase classname="tests.test_core.test_game.TestGame" name="test_black_castle_phase_midgame" time="0.003" /><testcase classname="tests.test_core.test_game.TestGame" name="test_black_castle_phase_none" time="0.002" /><testcase classname="tests.test_core.test_game.TestGame" name="test_black_castle_phase_opening" time="0.002" /><testcase classname="tests.test_core.test_game.TestGame" name="test_black_castle_phase_totnone" time="0.002" /><testcase classname="tests.test_core.test_game.TestGame" name="test_end_b_acc" time="0.002" /><testcase classname="tests.test_core.test_game.TestGame" name="test_end_b_acc_zero" time="0.002" /><testcase classname="tests.test_core.test_game.TestGame" name="test_end_w_acc" time="0.002" /><testcase classname="tests.test_core.test_game.TestGame" name="test_end_w_acc_zero" time="0.002" /><testcase classname="tests.test_core.test_game.TestGame" name="test_game_b_acc" time="0.003" /><testcase classname="tests.test_core.test_game.TestGame" name="test_game_b_acc_zero" time="0.002" /><testcase classname="tests.test_core.test_game.TestGame" name="test_game_day_of_week" time="0.002" /><testcase classname="tests.test_core.test_game.TestGame" name="test_game_time_of_day_afternoon" time="0.002" /><testcase classname="tests.test_core.test_game.TestGame" name="test_game_time_of_day_evening" time="0.002" /><testcase classname="tests.test_core.test_game.TestGame" name="test_game_time_of_day_morning" time="0.002" /><testcase classname="tests.test_core.test_game.TestGame" name="test_game_time_of_day_night" time="0.002" /><testcase classname="tests.test_core.test_game.TestGame" name="test_game_w_acc" time="0.003" /><testcase classname="tests.test_core.test_game.TestGame" name="test_game_w_acc_zero" time="0.002" /><testcase classname="tests.test_core.test_game.TestGame" name="test_get_curr_game_pgn" time="0.007" /><testcase classname="tests.test_core.test_game.TestGame" name="test_get_predicted_win_percentage" time="0.002" /><testcase classname="tests.test_core.test_game.TestGame" name="test_has_black_castled_no" time="0.002" /><testcase classname="tests.test_core.test_game.TestGame" name="test_has_black_castled_yes" time="0.002" /><testcase classname="tests.test_core.test_game.TestGame" name="test_has_white_castled_no" time="0.002" /><testcase classname="tests.test_core.test_game.TestGame" name="test_has_white_castled_yes" time="0.003" /><testcase classname="tests.test_core.test_game.TestGame" name="test_mid_b_acc" time="0.036" /><testcase classname="tests.test_core.test_game.TestGame" name="test_mid_b_acc_zero" time="0.002" /><testcase classname="tests.test_core.test_game.TestGame" name="test_mid_w_acc" time="0.002" /><testcase classname="tests.test_core.test_game.TestGame" name="test_mid_w_acc_zero" time="0.002" /><testcase classname="tests.test_core.test_game.TestGame" name="test_op_b_acc" time="0.002" /><testcase classname="tests.test_core.test_game.TestGame" name="test_op_b_acc_zero" time="0.002" /><testcase classname="tests.test_core.test_game.TestGame" name="test_op_w_acc" time="0.002" /><testcase classname="tests.test_core.test_game.TestGame" name="test_op_w_acc_zero" time="0.003" /><testcase classname="tests.test_core.test_game.TestGame" name="test_run_game_analysis" time="0.006" /><testcase classname="tests.test_core.test_game.TestGame" name="test_sum_move_types" time="0.002" /><testcase classname="tests.test_core.test_game.TestGame" name="test_user_game_data_black" time="0.009" /><testcase classname="tests.test_core.test_game.TestGame" name="test_user_game_data_white" time="0.008" /><testcase classname="tests.test_core.test_game.TestGame" name="test_w_sec_imp_endgame" time="0.002" /><testcase classname="tests.test_core.test_game.TestGame" name="test_w_sec_imp_midgame" time="0.003" /><testcase classname="tests.test_core.test_game.TestGame" name="test_w_sec_imp_opening" time="0.002" /><testcase classname="tests.test_core.test_game.TestGame" name="test_white_castle_move_num" time="0.002" /><testcase classname="tests.test_core.test_game.TestGame" name="test_white_castle_phase_endgame" time="0.002" /><testcase classname="tests.test_core.test_game.TestGame" name="test_white_castle_phase_midgame" time="0.002" /><testcase classname="tests.test_core.test_game.TestGame" name="test_white_castle_phase_none" time="0.002" /><testcase classname="tests.test_core.test_game.TestGame" name="test_white_castle_phase_opening" time="0.002" /><testcase classname="tests.test_core.test_game.TestGame" name="test_white_castle_phase_totnone" time="0.003" /><testcase classname="tests.test_core.test_game.TestPrepare" name="test_all_games" time="0.004" /><testcase classname="tests.test_core.test_game.TestPrepare" name="test_current_game_analysis" time="0.003" /><testcase classname="tests.test_core.test_game.TestPrepare" name="test_game_get_game_log_list" time="0.002" /><testcase classname="tests.test_core.test_game.TestPrepare" name="test_game_logfile_line_checker_multi" time="0.002" /><testcase classname="tests.test_core.test_game.TestPrepare" name="test_get_last_logged_game_num" time="0.002" /><testcase classname="tests.test_core.test_game.TestPrepare" name="test_init_board" time="0.011" /><testcase classname="tests.test_core.test_game.TestPrepare" name="test_init_game" time="0.011" /><testcase classname="tests.test_core.test_game.TestPrepare" name="test_init_game_lists" time="0.002" /><testcase classname="tests.test_core.test_game.TestPrepare" name="test_logfile_line_checker_multi" time="0.002" /><testcase classname="tests.test_core.test_game.TestPrepare" name="test_logfile_line_checker_multi_empty_input" time="0.002" /><testcase classname="tests.test_core.test_headers.TestGameHeaders" name="test_calculate_headers" time="0.009" /><testcase classname="tests.test_core.test_headers.TestGameHeaders" name="test_collect" time="0.004" /><testcase classname="tests.test_core.test_headers.TestGameHeaders" name="test_create_header_dict" time="0.002" /><testcase classname="tests.test_core.test_headers.TestGameHeaders" name="test_game_dt" time="0.007" /><testcase classname="tests.test_core.test_headers.TestGameHeaders" name="test_game_dt_time" time="0.003" /><testcase classname="tests.test_core.test_headers.TestGameHeaders" name="test_game_t" time="0.006" /><testcase classname="tests.test_core.test_headers.TestGameHeaders" name="test_game_termination_draw" time="0.013" /><testcase classname="tests.test_core.test_headers.TestGameHeaders" name="test_game_termination_loss" time="0.012" /><testcase classname="tests.test_core.test_headers.TestGameHeaders" name="test_game_termination_win" time="0.007" /><testcase classname="tests.test_core.test_headers.TestGameHeaders" name="test_opening_cls_key_err" time="0.006" /><testcase classname="tests.test_core.test_headers.TestGameHeaders" name="test_opening_cls_no_err" time="0.007" /><testcase classname="tests.test_core.test_headers.TestGameHeaders" name="test_opening_nm" time="0.008" /><testcase classname="tests.test_core.test_headers.TestGameHeaders" name="test_opening_nm_keyerror" time="0.007" /><testcase classname="tests.test_core.test_headers.TestGameHeaders" name="test_player_black" time="0.007" /><testcase classname="tests.test_core.test_headers.TestGameHeaders" name="test_player_white" time="0.007" /><testcase classname="tests.test_core.test_headers.TestGameHeaders" name="test_rating_opponent" time="0.002" /><testcase classname="tests.test_core.test_headers.TestGameHeaders" name="test_rating_user" time="0.002" /><testcase classname="tests.test_core.test_headers.TestGameHeaders" name="test_rating_white" time="0.008" /><testcase classname="tests.test_core.test_headers.TestGameHeaders" name="test_test_rating_black" time="0.008" /><testcase classname="tests.test_core.test_headers.TestGameHeaders" name="test_time_control" time="0.008" /><testcase classname="tests.test_core.test_headers.TestGameHeaders" name="test_user_colour_false" time="0.003" /><testcase classname="tests.test_core.test_headers.TestGameHeaders" name="test_user_colour_true" time="0.003" /><testcase classname="tests.test_core.test_headers.TestGameHeaders" name="test_user_winr_draw" time="0.003" /><testcase classname="tests.test_core.test_headers.TestGameHeaders" name="test_user_winr_loss" time="0.003" /><testcase classname="tests.test_core.test_headers.TestGameHeaders" name="test_user_winr_win" time="0.003" /><testcase classname="tests.test_core.test_headers.TestGameHeaders" name="test_win_draw_loss_black" time="0.007" /><testcase classname="tests.test_core.test_headers.TestGameHeaders" name="test_win_draw_loss_draw" time="0.008" /><testcase classname="tests.test_core.test_headers.TestGameHeaders" name="test_win_draw_loss_white" time="0.010" /><testcase classname="tests.test_core.test_move.TestMoveAnalyse" name="test_analyse" time="0.009" /><testcase classname="tests.test_core.test_move.TestMove" name="test_append_to_game_lists" time="0.005" /><testcase classname="tests.test_core.test_move.TestMove" name="test_assign_move_type_n1" time="0.003" /><testcase classname="tests.test_core.test_move.TestMove" name="test_assign_move_type_n2" time="0.005" /><testcase classname="tests.test_core.test_move.TestMove" name="test_assign_move_type_n3" time="0.003" /><testcase classname="tests.test_core.test_move.TestMove" name="test_assign_move_type_n4" time="0.003" /><testcase classname="tests.test_core.test_move.TestMove" name="test_assign_move_type_p0" time="0.004" /><testcase classname="tests.test_core.test_move.TestMove" name="test_assign_move_type_p1" time="0.004" /><testcase classname="tests.test_core.test_move.TestMove" name="test_assign_move_type_p2" time="0.004" /><testcase classname="tests.test_core.test_move.TestMove" name="test_best_move" time="0.005" /><testcase classname="tests.test_core.test_move.TestMove" name="test_black_castle_move_num_n" time="0.003" /><testcase classname="tests.test_core.test_move.TestMove" name="test_black_castle_move_num_y" time="0.003" /><testcase classname="tests.test_core.test_move.TestMove" name="test_castling_type_bl" time="0.004" /><testcase classname="tests.test_core.test_move.TestMove" name="test_castling_type_bs" time="0.043" /><testcase classname="tests.test_core.test_move.TestMove" name="test_castling_type_none" time="0.003" /><testcase classname="tests.test_core.test_move.TestMove" name="test_castling_type_wl" time="0.003" /><testcase classname="tests.test_core.test_move.TestMove" name="test_castling_type_ws" time="0.003" /><testcase classname="tests.test_core.test_move.TestMove" name="test_chess_piece_bishop" time="0.003" /><testcase classname="tests.test_core.test_move.TestMove" name="test_chess_piece_king" time="0.004" /><testcase classname="tests.test_core.test_move.TestMove" name="test_chess_piece_knight" time="0.003" /><testcase classname="tests.test_core.test_move.TestMove" name="test_chess_piece_none" time="0.003" /><testcase classname="tests.test_core.test_move.TestMove" name="test_chess_piece_pawn" time="0.003" /><testcase classname="tests.test_core.test_move.TestMove" name="test_chess_piece_queen" time="0.003" /><testcase classname="tests.test_core.test_move.TestMove" name="test_chess_piece_rook" time="0.003" /><testcase classname="tests.test_core.test_move.TestMove" name="test_create_move_df" time="0.007" /><testcase classname="tests.test_core.test_move.TestMove" name="test_eval_delta_black" time="0.003" /><testcase classname="tests.test_core.test_move.TestMove" name="test_eval_delta_white" time="0.003" /><testcase classname="tests.test_core.test_move.TestMove" name="test_filter_timecont_header" time="0.008" /><testcase classname="tests.test_core.test_move.TestMove" name="test_filter_timecont_header_interval" time="0.012" /><testcase classname="tests.test_core.test_move.TestMove" name="test_filter_timecont_header_valueerror" time="0.012" /><testcase classname="tests.test_core.test_move.TestMove" name="test_get_curr_board" time="0.004" /><testcase classname="tests.test_core.test_move.TestMove" name="test_get_piece_square_int" time="0.003" /><testcase classname="tests.test_core.test_move.TestMove" name="test_get_time_spent_on_move" time="0.008" /><testcase classname="tests.test_core.test_move.TestMove" name="test_get_time_spent_on_move_interval" time="0.008" /><testcase classname="tests.test_core.test_move.TestMove" name="test_mainline_move" time="0.004" /><testcase classname="tests.test_core.test_move.TestMove" name="test_move_accuracy" time="0.004" /><testcase classname="tests.test_core.test_move.TestMove" name="test_move_colour_black" time="0.003" /><testcase classname="tests.test_core.test_move.TestMove" name="test_move_colour_white" time="0.003" /><testcase classname="tests.test_core.test_move.TestMove" name="test_move_eval" time="0.003" /><testcase classname="tests.test_core.test_move.TestMove" name="test_move_eval_mate" time="0.003" /><testcase classname="tests.test_core.test_move.TestMove" name="test_white_castle_move_num_n" time="0.003" /><testcase classname="tests.test_core.test_move.TestMove" name="test_white_castle_move_num_y" time="0.004" /><testcase classname="tests.test_core.test_user.TestAnalyse" name="test_analyse" time="0.003" /><testcase classname="tests.test_core.test_user.TestAnalyse" name="test_run_analysis" time="0.004" /><testcase classname="tests.test_core.test_user.TestPrepareUsers" name="test_check_logfile" time="0.001" /><testcase classname="tests.test_core.test_user.TestPrepareUsers" name="test_current_game" time="0.004" /><testcase classname="tests.test_core.test_user.TestPrepareUsers" name="test_current_run" time="0.003" /><testcase classname="tests.test_core.test_user.TestPrepareUsers" name="test_init_game_logs_non_zero" time="0.002" /><testcase classname="tests.test_core.test_user.TestPrepareUsers" name="test_init_game_logs_zero" time="0.002" /><testcase classname="tests.test_core.test_user.TestPrepareUsers" name="test_numlines_in_logfile" time="0.003" /><testcase classname="tests.test_core.test_user.TestPrepareUsers" name="test_set_first_game_logdate" time="0.003" /><testcase classname="tests.test_core.test_user.TestCleandown" name="test_get_game_log_list" time="0.001" /><testcase classname="tests.test_core.test_user.TestCleandown" name="test_get_last_logged_game_num" time="0.001" /><testcase classname="tests.test_core.test_user.TestCleandown" name="test_logfile_empty" time="0.002" /><testcase classname="tests.test_core.test_user.TestCleandown" name="test_logfile_line_checker_multi" time="0.001" /><testcase classname="tests.test_core.test_user.TestCleandown" name="test_logfile_not_empty" time="0.003" /><testcase classname="tests.test_core.test_user.TestCleandown" name="test_previous_run" time="0.002" /><testcase classname="tests.test_data_manager.test_base_manager.TestBaseDataManager" name="test1" time="0.001" /><testcase classname="tests.test_data_manager.test_managers.TestMySQLManager" name="test_get_sql_file" time="0.003" /><testcase classname="tests.test_data_manager.test_managers.TestMySQLManager" name="test_query_selector_head" time="0.003" /><testcase classname="tests.test_data_manager.test_managers.TestMySQLManager" name="test_query_selector_reset" time="0.003" /><testcase classname="tests.test_data_manager.test_managers.TestMySQLManager" name="test_query_selector_size" time="0.004" /><testcase classname="tests.test_data_manager.test_managers.TestMySQLManager" name="test_reset_database" time="0.008" /><testcase classname="tests.test_data_manager.test_managers.TestMySQLManager" name="test_reset_logs" time="0.004" /><testcase classname="tests.test_data_manager.test_managers.TestMySQLManager" name="test_select_head_all_tables" time="0.007" /><testcase classname="tests.test_data_manager.test_managers.TestMySQLManager" name="test_view_table_size" time="0.008" /><testcase classname="tests.test_data_manager.test_managers.TestSQLiteManager" name="test_get_sql_file" time="0.003" /><testcase classname="tests.test_data_manager.test_managers.TestSQLiteManager" name="test_query_selector_head" time="0.003" /><testcase classname="tests.test_data_manager.test_managers.TestSQLiteManager" name="test_query_selector_reset" time="0.003" /><testcase classname="tests.test_data_manager.test_managers.TestSQLiteManager" name="test_query_selector_size" time="0.004" /><testcase classname="tests.test_data_manager.test_managers.TestSQLiteManager" name="test_reset_database" time="0.008" /><testcase classname="tests.test_data_manager.test_managers.TestSQLiteManager" name="test_reset_logs" time="0.004" /><testcase classname="tests.test_data_manager.test_managers.TestSQLiteManager" name="test_select_head_all_tables" time="0.007" /><testcase classname="tests.test_data_manager.test_managers.TestSQLiteManager" name="test_view_table_size" time="0.045" /><testcase classname="tests.test_utils.test_config.TestConfig" name="test_create_config" time="0.008" /><testcase classname="tests.test_utils.test_config.TestConfig" name="test_set_config_path" time="0.001" /><testcase classname="tests.test_utils.test_extract.TestExtract" name="test_collect_game_data" time="0.005" /><testcase classname="tests.test_utils.test_extract.TestExtract" name="test_extract_filter_logs_curr" time="0.003" /><testcase classname="tests.test_utils.test_extract.TestExtract" name="test_extract_filter_logs_no_curr" time="0.004" /><testcase classname="tests.test_utils.test_extract.TestExtract" name="test_extract_filter_no_logs" time="0.003" /><testcase classname="tests.test_utils.test_extract.TestExtract" name="test_get_curr_mth" time="0.003" /><testcase classname="tests.test_utils.test_extract.TestExtract" name="test_get_data_from_urls" time="0.008" /><testcase classname="tests.test_utils.test_extract.TestExtract" name="test_get_url_date" time="0.003" /><testcase classname="tests.test_utils.test_extract.TestExtract" name="test_in_curr_month_false" time="0.004" /><testcase classname="tests.test_utils.test_extract.TestExtract" name="test_in_curr_month_true" time="0.003" /><testcase classname="tests.test_utils.test_extract.TestExtract" name="test_run_data_extract" time="0.004" /><testcase classname="tests.test_utils.test_extract.TestExtract" name="test_simple_progress_bar_t0" time="0.003" /><testcase classname="tests.test_utils.test_extract.TestExtract" name="test_url_in_log_false" time="0.007" /><testcase classname="tests.test_utils.test_extract.TestExtract" name="test_url_in_log_true" time="0.008" /><testcase classname="tests.test_utils.test_handlers.TestInputHandler" name="test_collect_user_inputs" time="0.001" /><testcase classname="tests.test_utils.test_handlers.TestInputHandler" name="test_user_input_dict" time="0.001" /><testcase classname="tests.test_utils.test_handlers.TestFileHandler" name="test_file_paths" time="0.002" /><testcase classname="tests.test_utils.test_handlers.TestRunHandler" name="test_create_engine" time="0.003" /><testcase classname="tests.test_utils.test_handlers.TestRunHandler" name="test_create_logger" time="0.002" /><testcase classname="tests.test_utils.test_handlers.TestEnvHandler" name="test_create_environment" time="0.009" /></testsuite></testsuites>